node:events:497
      throw er; // Unhandled 'error' event
      ^

Error: listen EADDRINUSE: address already in use :::5001
    at Server.setupListenHandle [as _listen2] (node:net:1904:16)
    at listenInCluster (node:net:1961:12)
    at Server.listen (node:net:2063:7)
    at Function.listen (C:\Users\nisar\AI Agentic HR Final\backend\node_modules\express\lib\application.js:635:24)
    at Object.<anonymous> (C:\Users\nisar\AI Agentic HR Final\backend\src\server.js:8:5)
    at Module._compile (node:internal/modules/cjs/loader:1358:14)
    at Module._extensions..js (node:internal/modules/cjs/loader:1416:10)
    at Module.load (node:internal/modules/cjs/loader:1208:32)
    at Module._load (node:internal/modules/cjs/loader:1024:12)
    at Function.executeUserEntryPoint [as runMain] (node:internal/modules/run_main:174:12)
Emitted 'error' event on Server instance at:
    at emitErrorNT (node:net:1940:8)
    at process.processTicksAndRejections (node:internal/process/task_queues:82:21) {
  code: 'EADDRINUSE',
  errno: -4091,
  syscall: 'listen',
  address: '::',
  port: 5001
}

Node.js v20.16.0
node:events:497
      throw er; // Unhandled 'error' event
      ^

Error: listen EADDRINUSE: address already in use :::5001
    at Server.setupListenHandle [as _listen2] (node:net:1904:16)
    at listenInCluster (node:net:1961:12)
    at Server.listen (node:net:2063:7)
    at Function.listen (C:\Users\nisar\AI Agentic HR Final\backend\node_modules\express\lib\application.js:635:24)
    at Object.<anonymous> (C:\Users\nisar\AI Agentic HR Final\backend\src\server.js:8:5)
    at Module._compile (node:internal/modules/cjs/loader:1358:14)
    at Module._extensions..js (node:internal/modules/cjs/loader:1416:10)
    at Module.load (node:internal/modules/cjs/loader:1208:32)
    at Module._load (node:internal/modules/cjs/loader:1024:12)
    at Function.executeUserEntryPoint [as runMain] (node:internal/modules/run_main:174:12)
Emitted 'error' event on Server instance at:
    at emitErrorNT (node:net:1940:8)
    at process.processTicksAndRejections (node:internal/process/task_queues:82:21) {
  code: 'EADDRINUSE',
  errno: -4091,
  syscall: 'listen',
  address: '::',
  port: 5001
}

Node.js v20.16.0
node:events:497
      throw er; // Unhandled 'error' event
      ^

Error: listen EADDRINUSE: address already in use :::5001
    at Server.setupListenHandle [as _listen2] (node:net:1904:16)
    at listenInCluster (node:net:1961:12)
    at Server.listen (node:net:2063:7)
    at Function.listen (C:\Users\nisar\AI Agentic HR Final\backend\node_modules\express\lib\application.js:635:24)
    at Object.<anonymous> (C:\Users\nisar\AI Agentic HR Final\backend\src\server.js:8:5)
    at Module._compile (node:internal/modules/cjs/loader:1358:14)
    at Module._extensions..js (node:internal/modules/cjs/loader:1416:10)
    at Module.load (node:internal/modules/cjs/loader:1208:32)
    at Module._load (node:internal/modules/cjs/loader:1024:12)
    at Function.executeUserEntryPoint [as runMain] (node:internal/modules/run_main:174:12)
Emitted 'error' event on Server instance at:
    at emitErrorNT (node:net:1940:8)
    at process.processTicksAndRejections (node:internal/process/task_queues:82:21) {
  code: 'EADDRINUSE',
  errno: -4091,
  syscall: 'listen',
  address: '::',
  port: 5001
}

Node.js v20.16.0
node:events:497
      throw er; // Unhandled 'error' event
      ^

Error: listen EADDRINUSE: address already in use :::5001
    at Server.setupListenHandle [as _listen2] (node:net:1904:16)
    at listenInCluster (node:net:1961:12)
    at Server.listen (node:net:2063:7)
    at Function.listen (C:\Users\nisar\AI Agentic HR Final\backend\node_modules\express\lib\application.js:635:24)
    at Object.<anonymous> (C:\Users\nisar\AI Agentic HR Final\backend\src\server.js:8:5)
    at Module._compile (node:internal/modules/cjs/loader:1358:14)
    at Module._extensions..js (node:internal/modules/cjs/loader:1416:10)
    at Module.load (node:internal/modules/cjs/loader:1208:32)
    at Module._load (node:internal/modules/cjs/loader:1024:12)
    at Function.executeUserEntryPoint [as runMain] (node:internal/modules/run_main:174:12)
Emitted 'error' event on Server instance at:
    at emitErrorNT (node:net:1940:8)
    at process.processTicksAndRejections (node:internal/process/task_queues:82:21) {
  code: 'EADDRINUSE',
  errno: -4091,
  syscall: 'listen',
  address: '::',
  port: 5001
}

Node.js v20.16.0
node:events:497
      throw er; // Unhandled 'error' event
      ^

Error: listen EADDRINUSE: address already in use :::5001
    at Server.setupListenHandle [as _listen2] (node:net:1904:16)
    at listenInCluster (node:net:1961:12)
    at Server.listen (node:net:2063:7)
    at Function.listen (C:\Users\nisar\AI Agentic HR Final\backend\node_modules\express\lib\application.js:635:24)
    at Object.<anonymous> (C:\Users\nisar\AI Agentic HR Final\backend\src\server.js:8:5)
    at Module._compile (node:internal/modules/cjs/loader:1358:14)
    at Module._extensions..js (node:internal/modules/cjs/loader:1416:10)
    at Module.load (node:internal/modules/cjs/loader:1208:32)
    at Module._load (node:internal/modules/cjs/loader:1024:12)
    at Function.executeUserEntryPoint [as runMain] (node:internal/modules/run_main:174:12)
Emitted 'error' event on Server instance at:
    at emitErrorNT (node:net:1940:8)
    at process.processTicksAndRejections (node:internal/process/task_queues:82:21) {
  code: 'EADDRINUSE',
  errno: -4091,
  syscall: 'listen',
  address: '::',
  port: 5001
}

Node.js v20.16.0
node:events:497
      throw er; // Unhandled 'error' event
      ^

Error: listen EADDRINUSE: address already in use :::5001
    at Server.setupListenHandle [as _listen2] (node:net:1904:16)
    at listenInCluster (node:net:1961:12)
    at Server.listen (node:net:2063:7)
    at Function.listen (C:\Users\nisar\AI Agentic HR Final\backend\node_modules\express\lib\application.js:635:24)
    at Object.<anonymous> (C:\Users\nisar\AI Agentic HR Final\backend\src\server.js:8:5)
    at Module._compile (node:internal/modules/cjs/loader:1358:14)
    at Module._extensions..js (node:internal/modules/cjs/loader:1416:10)
    at Module.load (node:internal/modules/cjs/loader:1208:32)
    at Module._load (node:internal/modules/cjs/loader:1024:12)
    at Function.executeUserEntryPoint [as runMain] (node:internal/modules/run_main:174:12)
Emitted 'error' event on Server instance at:
    at emitErrorNT (node:net:1940:8)
    at process.processTicksAndRejections (node:internal/process/task_queues:82:21) {
  code: 'EADDRINUSE',
  errno: -4091,
  syscall: 'listen',
  address: '::',
  port: 5001
}

Node.js v20.16.0
node:events:497
      throw er; // Unhandled 'error' event
      ^

Error: listen EADDRINUSE: address already in use :::5001
    at Server.setupListenHandle [as _listen2] (node:net:1904:16)
    at listenInCluster (node:net:1961:12)
    at Server.listen (node:net:2063:7)
    at Function.listen (C:\Users\nisar\AI Agentic HR Final\backend\node_modules\express\lib\application.js:635:24)
    at Object.<anonymous> (C:\Users\nisar\AI Agentic HR Final\backend\src\server.js:8:5)
    at Module._compile (node:internal/modules/cjs/loader:1358:14)
    at Module._extensions..js (node:internal/modules/cjs/loader:1416:10)
    at Module.load (node:internal/modules/cjs/loader:1208:32)
    at Module._load (node:internal/modules/cjs/loader:1024:12)
    at Function.executeUserEntryPoint [as runMain] (node:internal/modules/run_main:174:12)
Emitted 'error' event on Server instance at:
    at emitErrorNT (node:net:1940:8)
    at process.processTicksAndRejections (node:internal/process/task_queues:82:21) {
  code: 'EADDRINUSE',
  errno: -4091,
  syscall: 'listen',
  address: '::',
  port: 5001
}

Node.js v20.16.0
[2026-05-25T19:52:19.821Z] [ERROR] Port 5001 is already in use. Stop the existing backend or choose another PORT. { port: '5001' }
[2026-05-25T19:52:27.110Z] [ERROR] Port 5001 is already in use. Stop the existing backend or choose another PORT. { port: '5001' }
[2026-05-25T19:52:31.392Z] [ERROR] Port 5001 is already in use. Stop the existing backend or choose another PORT. { port: '5001' }
[2026-05-25T19:52:49.502Z] [ERROR] Port 5001 is already in use. Stop the existing backend or choose another PORT. { port: '5001' }
[2026-05-25T19:53:03.856Z] [ERROR] Port 5001 is already in use. Stop the existing backend or choose another PORT. { port: '5001' }
[2026-05-25T19:53:13.411Z] [ERROR] Port 5001 is already in use. Stop the existing backend or choose another PORT. { port: '5001' }
[2026-05-25T19:53:17.496Z] [ERROR] Port 5001 is already in use. Stop the existing backend or choose another PORT. { port: '5001' }
(node:11124) MaxListenersExceededWarning: Possible EventEmitter memory leak detected. 11 exit listeners added to [Bus]. MaxListeners is 10. Use emitter.setMaxListeners() to increase limit
(Use `node --trace-warnings ...` to show where the warning was created)
[2026-05-25T19:53:22.683Z] [ERROR] Port 5001 is already in use. Stop the existing backend or choose another PORT. { port: '5001' }
[2026-05-25T19:53:33.550Z] [ERROR] Port 5001 is already in use. Stop the existing backend or choose another PORT. { port: '5001' }
[2026-05-25T19:53:51.726Z] [ERROR] Port 5001 is already in use. Stop the existing backend or choose another PORT. { port: '5001' }
[2026-05-25T22:18:00.869Z] [ERROR] Port 5001 is already in use. Stop the existing backend or choose another PORT. { port: '5001' }
[2026-05-25T22:18:03.093Z] [ERROR] Port 5001 is already in use. Stop the existing backend or choose another PORT. { port: '5001' }
[2026-05-25T22:18:13.320Z] [ERROR] Port 5001 is already in use. Stop the existing backend or choose another PORT. { port: '5001' }
[2026-05-25T22:18:33.568Z] [ERROR] Port 5001 is already in use. Stop the existing backend or choose another PORT. { port: '5001' }
[2026-05-25T22:19:31.037Z] [ERROR] Port 5001 is already in use. Stop the existing backend or choose another PORT. { port: '5001' }
[2026-05-25T22:19:33.080Z] [ERROR] Port 5001 is already in use. Stop the existing backend or choose another PORT. { port: '5001' }
[2026-05-25T22:41:18.539Z] [ERROR] Port 5001 is already in use. Stop the existing backend or choose another PORT. { port: '5001' }
[2026-05-25T22:43:57.837Z] [ERROR] Port 5001 is already in use. Stop the existing backend or choose another PORT. { port: '5001' }
[2026-05-25T22:43:59.685Z] [ERROR] Port 5001 is already in use. Stop the existing backend or choose another PORT. { port: '5001' }
[2026-05-25T22:57:22.287Z] [ERROR] Port 5001 is already in use. Stop the existing backend or choose another PORT. { port: '5001' }
[2026-05-25T22:59:32.126Z] [ERROR] Port 5001 is already in use. Stop the existing backend or choose another PORT. { port: '5001' }
